--------------------------------------------------------------------------------
Release 14.7 Trace  (nt64)
Copyright (c) 1995-2013 Xilinx, Inc.  All rights reserved.

C:\Xilinx\14.7\ISE_DS\ISE\bin\nt64\unwrapped\trce.exe -intstyle ise -v 3 -s 3
-n 3 -fastpaths -xml circ.twx circ.ncd -o circ.twr circ.pcf

Design file:              circ.ncd
Physical constraint file: circ.pcf
Device,package,speed:     xc6slx16,csg324,C,-3 (PRODUCTION 1.23 2013-10-13)
Report level:             verbose report

Environment Variable      Effect 
--------------------      ------ 
NONE                      No environment variables were set
--------------------------------------------------------------------------------

INFO:Timing:2698 - No timing constraints found, doing default enumeration.
INFO:Timing:3412 - To improve timing, see the Timing Closure User Guide (UG612).
INFO:Timing:2752 - To get complete path coverage, use the unconstrained paths 
   option. All paths that are not constrained will be reported in the 
   unconstrained paths section(s) of the report.
INFO:Timing:3339 - The clock-to-out numbers in this timing report are based on 
   a 50 Ohm transmission line loading model.  For the details of this model, 
   and for more information on accounting for different loading conditions, 
   please see the device datasheet.



Data Sheet report:
-----------------
All values displayed in nanoseconds (ns)

Clock clk to Pad
------------+-----------------+------------+-----------------+------------+------------------+--------+
            |Max (slowest) clk|  Process   |Min (fastest) clk|  Process   |                  | Clock  |
Destination |  (edge) to PAD  |   Corner   |  (edge) to PAD  |   Corner   |Internal Clock(s) | Phase  |
------------+-----------------+------------+-----------------+------------+------------------+--------+
d<0>        |         8.557(R)|      SLOW  |         4.532(R)|      FAST  |clk_BUFGP         |   0.000|
d<1>        |         8.859(R)|      SLOW  |         4.641(R)|      FAST  |clk_BUFGP         |   0.000|
d<2>        |         8.618(R)|      SLOW  |         4.564(R)|      FAST  |clk_BUFGP         |   0.000|
d<4>        |         8.698(R)|      SLOW  |         4.544(R)|      FAST  |clk_BUFGP         |   0.000|
d<5>        |         8.417(R)|      SLOW  |         4.373(R)|      FAST  |clk_BUFGP         |   0.000|
d<6>        |         8.417(R)|      SLOW  |         4.373(R)|      FAST  |clk_BUFGP         |   0.000|
sel<0>      |         7.076(R)|      SLOW  |         3.646(R)|      FAST  |clk_BUFGP         |   0.000|
sel<1>      |         7.076(R)|      SLOW  |         3.646(R)|      FAST  |clk_BUFGP         |   0.000|
sel<2>      |         7.015(R)|      SLOW  |         3.610(R)|      FAST  |clk_BUFGP         |   0.000|
------------+-----------------+------------+-----------------+------------+------------------+--------+

Clock to Setup on destination clock clk
---------------+---------+---------+---------+---------+
               | Src:Rise| Src:Fall| Src:Rise| Src:Fall|
Source Clock   |Dest:Rise|Dest:Rise|Dest:Fall|Dest:Fall|
---------------+---------+---------+---------+---------+
clk            |    4.569|         |         |         |
---------------+---------+---------+---------+---------+


Analysis completed Tue Oct 25 10:14:08 2022 
--------------------------------------------------------------------------------

Trace Settings:
-------------------------
Trace Settings 

Peak Memory Usage: 4575 MB



