Release 14.7 - xst P.20131013 (nt64)
Copyright (c) 1995-2013 Xilinx, Inc.  All rights reserved.
--> Parameter TMPDIR set to xst/projnav.tmp


Total REAL time to Xst completion: 0.00 secs
Total CPU time to Xst completion: 0.10 secs
 
--> Parameter xsthdpdir set to xst


Total REAL time to Xst completion: 0.00 secs
Total CPU time to Xst completion: 0.10 secs
 
--> Reading design: circ.prj

TABLE OF CONTENTS
  1) Synthesis Options Summary
  2) HDL Parsing
  3) HDL Elaboration
  4) HDL Synthesis
       4.1) HDL Synthesis Report
  5) Advanced HDL Synthesis
       5.1) Advanced HDL Synthesis Report
  6) Low Level Synthesis
  7) Partition Report
  8) Design Summary
       8.1) Primitive and Black Box Usage
       8.2) Device utilization summary
       8.3) Partition Resource Summary
       8.4) Timing Report
            8.4.1) Clock Information
            8.4.2) Asynchronous Control Signals Information
            8.4.3) Timing Summary
            8.4.4) Timing Details
            8.4.5) Cross Clock Domains Report


=========================================================================
*                      Synthesis Options Summary                        *
=========================================================================
---- Source Parameters
Input File Name                    : "circ.prj"
Ignore Synthesis Constraint File   : NO

---- Target Parameters
Output File Name                   : "circ"
Output Format                      : NGC
Target Device                      : xc6slx16-3-csg324

---- Source Options
Top Module Name                    : circ
Automatic FSM Extraction           : YES
FSM Encoding Algorithm             : Auto
Safe Implementation                : No
FSM Style                          : LUT
RAM Extraction                     : Yes
RAM Style                          : Auto
ROM Extraction                     : Yes
Shift Register Extraction          : YES
ROM Style                          : Auto
Resource Sharing                   : YES
Asynchronous To Synchronous        : NO
Shift Register Minimum Size        : 2
Use DSP Block                      : Auto
Automatic Register Balancing       : No

---- Target Options
LUT Combining                      : Auto
Reduce Control Sets                : Auto
Add IO Buffers                     : YES
Global Maximum Fanout              : 100000
Add Generic Clock Buffer(BUFG)     : 16
Register Duplication               : YES
Optimize Instantiated Primitives   : NO
Use Clock Enable                   : Auto
Use Synchronous Set                : Auto
Use Synchronous Reset              : Auto
Pack IO Registers into IOBs        : Auto
Equivalent register Removal        : YES

---- General Options
Optimization Goal                  : Speed
Optimization Effort                : 1
Power Reduction                    : NO
Keep Hierarchy                     : No
Netlist Hierarchy                  : As_Optimized
RTL Output                         : Yes
Global Optimization                : AllClockNets
Read Cores                         : YES
Write Timing Constraints           : NO
Cross Clock Analysis               : NO
Hierarchy Separator                : /
Bus Delimiter                      : <>
Case Specifier                     : Maintain
Slice Utilization Ratio            : 100
BRAM Utilization Ratio             : 100
DSP48 Utilization Ratio            : 100
Auto BRAM Packing                  : NO
Slice Utilization Ratio Delta      : 5

=========================================================================


=========================================================================
*                          HDL Parsing                                  *
=========================================================================
Parsing VHDL file "C:\VHDL\Buza\proj14\disp_int.vhd" into library work
Parsing entity <disp_int>.
Parsing architecture <Behavioral> of entity <disp_int>.
Parsing VHDL file "C:\VHDL\Buza\DoisDisp\circ.vhd" into library work
Parsing entity <circ>.
Parsing architecture <Behavioral> of entity <circ>.

=========================================================================
*                            HDL Elaboration                            *
=========================================================================

Elaborating entity <circ> (architecture <Behavioral>) from library <work>.

Elaborating entity <disp_int> (architecture <Behavioral>) from library <work>.

=========================================================================
*                           HDL Synthesis                               *
=========================================================================

Synthesizing Unit <circ>.
    Related source file is "C:\VHDL\Buza\DoisDisp\circ.vhd".
    Found 4-bit register for signal <sel>.
    Found 4-bit register for signal <numero>.
    Found 22-bit register for signal <cont>.
    Found 22-bit adder for signal <cont[21]_GND_3_o_add_4_OUT> created at line 56.
    Found 22-bit comparator greater for signal <cont[21]_PWR_3_o_LessThan_4_o> created at line 56
    Found 22-bit comparator greater for signal <GND_3_o_GND_3_o_LessThan_7_o> created at line 60
    Found 22-bit comparator greater for signal <GND_3_o_GND_3_o_LessThan_8_o> created at line 63
    Summary:
	inferred   1 Adder/Subtractor(s).
	inferred  30 D-type flip-flop(s).
	inferred   3 Comparator(s).
	inferred   1 Multiplexer(s).
Unit <circ> synthesized.

Synthesizing Unit <disp_int>.
    Related source file is "C:\VHDL\Buza\proj14\disp_int.vhd".
    Found 16x7-bit Read Only RAM for signal <saida>
    Summary:
	inferred   1 RAM(s).
Unit <disp_int> synthesized.

=========================================================================
HDL Synthesis Report

Macro Statistics
# RAMs                                                 : 1
 16x7-bit single-port Read Only RAM                    : 1
# Adders/Subtractors                                   : 1
 22-bit adder                                          : 1
# Registers                                            : 3
 22-bit register                                       : 1
 4-bit register                                        : 2
# Comparators                                          : 3
 22-bit comparator greater                             : 3
# Multiplexers                                         : 1
 22-bit 2-to-1 multiplexer                             : 1

=========================================================================

=========================================================================
*                       Advanced HDL Synthesis                          *
=========================================================================

WARNING:Xst:1426 - The value init of the FF/Latch numero_1 hinder the constant cleaning in the block circ.
   You should achieve better results by setting this init to 1.
WARNING:Xst:1710 - FF/Latch <sel_3> (without init value) has a constant value of 1 in block <circ>. This FF/Latch will be trimmed during the optimization process.
WARNING:Xst:1896 - Due to other FF/Latch trimming, FF/Latch <numero_2> has a constant value of 0 in block <circ>. This FF/Latch will be trimmed during the optimization process.

Synthesizing (advanced) Unit <circ>.
The following registers are absorbed into counter <cont>: 1 register on signal <cont>.
Unit <circ> synthesized (advanced).

Synthesizing (advanced) Unit <disp_int>.
INFO:Xst:3218 - HDL ADVISOR - The RAM <Mram_saida> will be implemented on LUTs either because you have described an asynchronous read or because of currently unsupported block RAM features. If you have described an asynchronous read, making it synchronous would allow you to take advantage of available block RAM resources, for optimized device usage and improved timings. Please refer to your documentation for coding guidelines.
    -----------------------------------------------------------------------
    | ram_type           | Distributed                         |          |
    -----------------------------------------------------------------------
    | Port A                                                              |
    |     aspect ratio   | 16-word x 7-bit                     |          |
    |     weA            | connected to signal <GND>           | high     |
    |     addrA          | connected to signal <numero>        |          |
    |     diA            | connected to signal <GND>           |          |
    |     doA            | connected to signal <saida>         |          |
    -----------------------------------------------------------------------
Unit <disp_int> synthesized (advanced).

=========================================================================
Advanced HDL Synthesis Report

Macro Statistics
# RAMs                                                 : 1
 16x7-bit single-port distributed Read Only RAM        : 1
# Adders/Subtractors                                   : 1
 22-bit adder                                          : 1
# Counters                                             : 1
 22-bit up counter                                     : 1
# Registers                                            : 8
 Flip-Flops                                            : 8
# Comparators                                          : 3
 22-bit comparator greater                             : 3
# Multiplexers                                         : 1
 22-bit 2-to-1 multiplexer                             : 1

=========================================================================

=========================================================================
*                         Low Level Synthesis                           *
=========================================================================
WARNING:Xst:1426 - The value init of the FF/Latch numero_1 hinder the constant cleaning in the block circ.
   You should achieve better results by setting this init to 1.
WARNING:Xst:1710 - FF/Latch <sel_3> (without init value) has a constant value of 1 in block <circ>. This FF/Latch will be trimmed during the optimization process.
WARNING:Xst:1896 - Due to other FF/Latch trimming, FF/Latch <numero_2> has a constant value of 0 in block <circ>. This FF/Latch will be trimmed during the optimization process.
INFO:Xst:2261 - The FF/Latch <numero_0> in Unit <circ> is equivalent to the following FF/Latch, which will be removed : <numero_3> 

Optimizing unit <circ> ...

Mapping all equations...
Building and optimizing final netlist ...
WARNING:Xst:1426 - The value init of the FF/Latch numero_1 hinder the constant cleaning in the block circ.
   You should achieve better results by setting this init to 1.
Found area constraint ratio of 100 (+ 5) on block circ, actual ratio is 0.

Final Macro Processing ...

=========================================================================
Final Register Report

Macro Statistics
# Registers                                            : 27
 Flip-Flops                                            : 27

=========================================================================

=========================================================================
*                           Partition Report                            *
=========================================================================

Partition Implementation Status
-------------------------------

  No Partitions were found in this design.

-------------------------------

=========================================================================
*                            Design Summary                             *
=========================================================================

Top Level Output File Name         : circ.ngc

Primitive and Black Box Usage:
------------------------------
# BELS                             : 152
#      GND                         : 1
#      INV                         : 1
#      LUT1                        : 21
#      LUT2                        : 27
#      LUT3                        : 2
#      LUT4                        : 2
#      LUT5                        : 2
#      LUT6                        : 13
#      MUXCY                       : 42
#      MUXF7                       : 2
#      VCC                         : 1
#      XORCY                       : 38
# FlipFlops/Latches                : 27
#      FD                          : 27
# Clock Buffers                    : 1
#      BUFGP                       : 1
# IO Buffers                       : 11
#      OBUF                        : 11

Device utilization summary:
---------------------------

Selected Device : 6slx16csg324-3 


Slice Logic Utilization: 
 Number of Slice Registers:              27  out of  18224     0%  
 Number of Slice LUTs:                   68  out of   9112     0%  
    Number used as Logic:                68  out of   9112     0%  

Slice Logic Distribution: 
 Number of LUT Flip Flop pairs used:     69
   Number with an unused Flip Flop:      42  out of     69    60%  
   Number with an unused LUT:             1  out of     69     1%  
   Number of fully used LUT-FF pairs:    26  out of     69    37%  
   Number of unique control sets:         1

IO Utilization: 
 Number of IOs:                          12
 Number of bonded IOBs:                  12  out of    232     5%  

Specific Feature Utilization:
 Number of BUFG/BUFGCTRLs:                1  out of     16     6%  

---------------------------
Partition Resource Summary:
---------------------------

  No Partitions were found in this design.

---------------------------


=========================================================================
Timing Report

NOTE: THESE TIMING NUMBERS ARE ONLY A SYNTHESIS ESTIMATE.
      FOR ACCURATE TIMING INFORMATION PLEASE REFER TO THE TRACE REPORT
      GENERATED AFTER PLACE-and-ROUTE.

Clock Information:
------------------
-----------------------------------+------------------------+-------+
Clock Signal                       | Clock buffer(FF name)  | Load  |
-----------------------------------+------------------------+-------+
clk                                | BUFGP                  | 27    |
-----------------------------------+------------------------+-------+

Asynchronous Control Signals Information:
----------------------------------------
No asynchronous control signals found in this design

Timing Summary:
---------------
Speed Grade: -3

   Minimum period: 5.029ns (Maximum Frequency: 198.847MHz)
   Minimum input arrival time before clock: No path found
   Maximum output required time after clock: 4.625ns
   Maximum combinational path delay: No path found

Timing Details:
---------------
All values displayed in nanoseconds (ns)

=========================================================================
Timing constraint: Default period analysis for Clock 'clk'
  Clock period: 5.029ns (frequency: 198.847MHz)
  Total number of paths / destination ports: 9128 / 26
-------------------------------------------------------------------------
Delay:               5.029ns (Levels of Logic = 25)
  Source:            cont_0 (FF)
  Destination:       sel_0 (FF)
  Source Clock:      clk rising
  Destination Clock: clk rising

  Data Path: cont_0 to sel_0
                                Gate     Net
    Cell:in->out      fanout   Delay   Delay  Logical Name (Net Name)
    ----------------------------------------  ------------
     FD:C->Q               2   0.447   0.616  cont_0 (cont_0)
     INV:I->O              1   0.206   0.000  Madd_cont[21]_GND_3_o_add_4_OUT_lut<0>_INV_0 (Madd_cont[21]_GND_3_o_add_4_OUT_lut<0>)
     MUXCY:S->O            1   0.172   0.000  Madd_cont[21]_GND_3_o_add_4_OUT_cy<0> (Madd_cont[21]_GND_3_o_add_4_OUT_cy<0>)
     MUXCY:CI->O           1   0.019   0.000  Madd_cont[21]_GND_3_o_add_4_OUT_cy<1> (Madd_cont[21]_GND_3_o_add_4_OUT_cy<1>)
     MUXCY:CI->O           1   0.019   0.000  Madd_cont[21]_GND_3_o_add_4_OUT_cy<2> (Madd_cont[21]_GND_3_o_add_4_OUT_cy<2>)
     MUXCY:CI->O           1   0.019   0.000  Madd_cont[21]_GND_3_o_add_4_OUT_cy<3> (Madd_cont[21]_GND_3_o_add_4_OUT_cy<3>)
     MUXCY:CI->O           1   0.019   0.000  Madd_cont[21]_GND_3_o_add_4_OUT_cy<4> (Madd_cont[21]_GND_3_o_add_4_OUT_cy<4>)
     MUXCY:CI->O           1   0.019   0.000  Madd_cont[21]_GND_3_o_add_4_OUT_cy<5> (Madd_cont[21]_GND_3_o_add_4_OUT_cy<5>)
     MUXCY:CI->O           1   0.019   0.000  Madd_cont[21]_GND_3_o_add_4_OUT_cy<6> (Madd_cont[21]_GND_3_o_add_4_OUT_cy<6>)
     MUXCY:CI->O           1   0.019   0.000  Madd_cont[21]_GND_3_o_add_4_OUT_cy<7> (Madd_cont[21]_GND_3_o_add_4_OUT_cy<7>)
     MUXCY:CI->O           1   0.019   0.000  Madd_cont[21]_GND_3_o_add_4_OUT_cy<8> (Madd_cont[21]_GND_3_o_add_4_OUT_cy<8>)
     MUXCY:CI->O           1   0.019   0.000  Madd_cont[21]_GND_3_o_add_4_OUT_cy<9> (Madd_cont[21]_GND_3_o_add_4_OUT_cy<9>)
     MUXCY:CI->O           1   0.019   0.000  Madd_cont[21]_GND_3_o_add_4_OUT_cy<10> (Madd_cont[21]_GND_3_o_add_4_OUT_cy<10>)
     MUXCY:CI->O           1   0.019   0.000  Madd_cont[21]_GND_3_o_add_4_OUT_cy<11> (Madd_cont[21]_GND_3_o_add_4_OUT_cy<11>)
     MUXCY:CI->O           1   0.019   0.000  Madd_cont[21]_GND_3_o_add_4_OUT_cy<12> (Madd_cont[21]_GND_3_o_add_4_OUT_cy<12>)
     MUXCY:CI->O           1   0.019   0.000  Madd_cont[21]_GND_3_o_add_4_OUT_cy<13> (Madd_cont[21]_GND_3_o_add_4_OUT_cy<13>)
     MUXCY:CI->O           1   0.019   0.000  Madd_cont[21]_GND_3_o_add_4_OUT_cy<14> (Madd_cont[21]_GND_3_o_add_4_OUT_cy<14>)
     MUXCY:CI->O           1   0.019   0.000  Madd_cont[21]_GND_3_o_add_4_OUT_cy<15> (Madd_cont[21]_GND_3_o_add_4_OUT_cy<15>)
     MUXCY:CI->O           1   0.019   0.000  Madd_cont[21]_GND_3_o_add_4_OUT_cy<16> (Madd_cont[21]_GND_3_o_add_4_OUT_cy<16>)
     MUXCY:CI->O           1   0.019   0.000  Madd_cont[21]_GND_3_o_add_4_OUT_cy<17> (Madd_cont[21]_GND_3_o_add_4_OUT_cy<17>)
     MUXCY:CI->O           1   0.019   0.000  Madd_cont[21]_GND_3_o_add_4_OUT_cy<18> (Madd_cont[21]_GND_3_o_add_4_OUT_cy<18>)
     MUXCY:CI->O           1   0.019   0.000  Madd_cont[21]_GND_3_o_add_4_OUT_cy<19> (Madd_cont[21]_GND_3_o_add_4_OUT_cy<19>)
     XORCY:CI->O           2   0.180   0.721  Madd_cont[21]_GND_3_o_add_4_OUT_xor<20> (cont[21]_GND_3_o_add_4_OUT<20>)
     LUT2:I0->O            3   0.203   0.995  GND_3_o_GND_3_o_LessThan_7_o21 (GND_3_o_GND_3_o_LessThan_7_o2)
     LUT6:I1->O            2   0.203   0.617  sel_0_rstpot_SW0 (N10)
     LUT6:I5->O            1   0.205   0.000  sel_0_rstpot (sel_0_rstpot)
     FD:D                      0.102          sel_0
    ----------------------------------------
    Total                      5.029ns (2.079ns logic, 2.950ns route)
                                       (41.3% logic, 58.7% route)

=========================================================================
Timing constraint: Default OFFSET OUT AFTER for Clock 'clk'
  Total number of paths / destination ports: 15 / 9
-------------------------------------------------------------------------
Offset:              4.625ns (Levels of Logic = 2)
  Source:            numero_0 (FF)
  Destination:       d<6> (PAD)
  Source Clock:      clk rising

  Data Path: numero_0 to d<6>
                                Gate     Net
    Cell:in->out      fanout   Delay   Delay  Logical Name (Net Name)
    ----------------------------------------  ------------
     FD:C->Q               4   0.447   0.788  numero_0 (numero_0)
     LUT2:I0->O            2   0.203   0.616  d<4>1 (d_4_OBUF)
     OBUF:I->O                 2.571          d_4_OBUF (d<4>)
    ----------------------------------------
    Total                      4.625ns (3.221ns logic, 1.404ns route)
                                       (69.6% logic, 30.4% route)

=========================================================================

Cross Clock Domains Report:
--------------------------

Clock to Setup on destination clock clk
---------------+---------+---------+---------+---------+
               | Src:Rise| Src:Fall| Src:Rise| Src:Fall|
Source Clock   |Dest:Rise|Dest:Rise|Dest:Fall|Dest:Fall|
---------------+---------+---------+---------+---------+
clk            |    5.029|         |         |         |
---------------+---------+---------+---------+---------+

=========================================================================


Total REAL time to Xst completion: 4.00 secs
Total CPU time to Xst completion: 4.52 secs
 
--> 

Total memory usage is 4486312 kilobytes

Number of errors   :    0 (   0 filtered)
Number of warnings :    7 (   0 filtered)
Number of infos    :    2 (   0 filtered)

