Release 14.7 - xst P.20131013 (nt64)
Copyright (c) 1995-2013 Xilinx, Inc.  All rights reserved.
--> Parameter TMPDIR set to xst/projnav.tmp


Total REAL time to Xst completion: 0.00 secs
Total CPU time to Xst completion: 0.09 secs
 
--> Parameter xsthdpdir set to xst


Total REAL time to Xst completion: 0.00 secs
Total CPU time to Xst completion: 0.09 secs
 
--> Reading design: circ.prj

TABLE OF CONTENTS
  1) Synthesis Options Summary
  2) HDL Parsing
  3) HDL Elaboration
  4) HDL Synthesis
       4.1) HDL Synthesis Report
  5) Advanced HDL Synthesis
       5.1) Advanced HDL Synthesis Report
  6) Low Level Synthesis
  7) Partition Report
  8) Design Summary
       8.1) Primitive and Black Box Usage
       8.2) Device utilization summary
       8.3) Partition Resource Summary
       8.4) Timing Report
            8.4.1) Clock Information
            8.4.2) Asynchronous Control Signals Information
            8.4.3) Timing Summary
            8.4.4) Timing Details
            8.4.5) Cross Clock Domains Report


=========================================================================
*                      Synthesis Options Summary                        *
=========================================================================
---- Source Parameters
Input File Name                    : "circ.prj"
Ignore Synthesis Constraint File   : NO

---- Target Parameters
Output File Name                   : "circ"
Output Format                      : NGC
Target Device                      : xc6slx16-3-csg324

---- Source Options
Top Module Name                    : circ
Automatic FSM Extraction           : YES
FSM Encoding Algorithm             : Auto
Safe Implementation                : No
FSM Style                          : LUT
RAM Extraction                     : Yes
RAM Style                          : Auto
ROM Extraction                     : Yes
Shift Register Extraction          : YES
ROM Style                          : Auto
Resource Sharing                   : YES
Asynchronous To Synchronous        : NO
Shift Register Minimum Size        : 2
Use DSP Block                      : Auto
Automatic Register Balancing       : No

---- Target Options
LUT Combining                      : Auto
Reduce Control Sets                : Auto
Add IO Buffers                     : YES
Global Maximum Fanout              : 100000
Add Generic Clock Buffer(BUFG)     : 16
Register Duplication               : YES
Optimize Instantiated Primitives   : NO
Use Clock Enable                   : Auto
Use Synchronous Set                : Auto
Use Synchronous Reset              : Auto
Pack IO Registers into IOBs        : Auto
Equivalent register Removal        : YES

---- General Options
Optimization Goal                  : Speed
Optimization Effort                : 1
Power Reduction                    : NO
Keep Hierarchy                     : No
Netlist Hierarchy                  : As_Optimized
RTL Output                         : Yes
Global Optimization                : AllClockNets
Read Cores                         : YES
Write Timing Constraints           : NO
Cross Clock Analysis               : NO
Hierarchy Separator                : /
Bus Delimiter                      : <>
Case Specifier                     : Maintain
Slice Utilization Ratio            : 100
BRAM Utilization Ratio             : 100
DSP48 Utilization Ratio            : 100
Auto BRAM Packing                  : NO
Slice Utilization Ratio Delta      : 5

=========================================================================


=========================================================================
*                          HDL Parsing                                  *
=========================================================================
Parsing VHDL file "C:\VHDL\Buza\proj14\disp_int.vhd" into library work
Parsing entity <disp_int>.
Parsing architecture <Behavioral> of entity <disp_int>.
Parsing VHDL file "C:\VHDL\Buza\DoisDisp\circ.vhd" into library work
Parsing entity <circ>.
Parsing architecture <Behavioral> of entity <circ>.

=========================================================================
*                            HDL Elaboration                            *
=========================================================================

Elaborating entity <circ> (architecture <Behavioral>) from library <work>.

Elaborating entity <disp_int> (architecture <Behavioral>) from library <work>.

=========================================================================
*                           HDL Synthesis                               *
=========================================================================

Synthesizing Unit <circ>.
    Related source file is "C:\VHDL\Buza\DoisDisp\circ.vhd".
    Found 4-bit register for signal <sel>.
    Found 4-bit register for signal <numero>.
    Found 27-bit register for signal <contXX>.
    Found 5-bit register for signal <contSegundos>.
    Found 4-bit register for signal <uni>.
    Found 20-bit register for signal <cont>.
    Found 1-bit register for signal <dez>.
    Found 20-bit adder for signal <cont[19]_GND_3_o_add_1_OUT> created at line 55.
    Found 27-bit adder for signal <contXX[26]_GND_3_o_add_7_OUT> created at line 67.
    Found 5-bit adder for signal <contSegundos[4]_GND_3_o_add_9_OUT> created at line 70.
    Found 4-bit subtractor for signal <GND_3_o_GND_3_o_sub_15_OUT<3:0>> created at line 79.
    Found 20-bit comparator greater for signal <cont[19]_PWR_3_o_LessThan_1_o> created at line 55
    Found 20-bit comparator greater for signal <GND_3_o_GND_3_o_LessThan_4_o> created at line 59
    Found 27-bit comparator greater for signal <contXX[26]_PWR_3_o_LessThan_7_o> created at line 66
    Found 5-bit comparator lessequal for signal <contSegundos[4]_PWR_3_o_LessThan_9_o> created at line 69
    Found 5-bit comparator greater for signal <contSegundos[4]_INV_9_o> created at line 75
    WARNING:Xst:2404 -  FFs/Latches <dez<3:1>> (without init value) have a constant value of 0 in block <circ>.
    Summary:
	inferred   4 Adder/Subtractor(s).
	inferred  65 D-type flip-flop(s).
	inferred   5 Comparator(s).
	inferred   3 Multiplexer(s).
Unit <circ> synthesized.

Synthesizing Unit <disp_int>.
    Related source file is "C:\VHDL\Buza\proj14\disp_int.vhd".
    Found 16x7-bit Read Only RAM for signal <saida>
    Summary:
	inferred   1 RAM(s).
Unit <disp_int> synthesized.

=========================================================================
HDL Synthesis Report

Macro Statistics
# RAMs                                                 : 1
 16x7-bit single-port Read Only RAM                    : 1
# Adders/Subtractors                                   : 4
 20-bit adder                                          : 1
 27-bit adder                                          : 1
 4-bit subtractor                                      : 1
 5-bit adder                                           : 1
# Registers                                            : 7
 1-bit register                                        : 1
 20-bit register                                       : 1
 27-bit register                                       : 1
 4-bit register                                        : 3
 5-bit register                                        : 1
# Comparators                                          : 5
 20-bit comparator greater                             : 2
 27-bit comparator greater                             : 1
 5-bit comparator greater                              : 1
 5-bit comparator lessequal                            : 1
# Multiplexers                                         : 3
 20-bit 2-to-1 multiplexer                             : 1
 4-bit 2-to-1 multiplexer                              : 2

=========================================================================

=========================================================================
*                       Advanced HDL Synthesis                          *
=========================================================================

WARNING:Xst:1710 - FF/Latch <sel_2> (without init value) has a constant value of 1 in block <circ>. This FF/Latch will be trimmed during the optimization process.
WARNING:Xst:1895 - Due to other FF/Latch trimming, FF/Latch <sel_3> (without init value) has a constant value of 1 in block <circ>. This FF/Latch will be trimmed during the optimization process.

Synthesizing (advanced) Unit <circ>.
The following registers are absorbed into counter <cont>: 1 register on signal <cont>.
The following registers are absorbed into counter <contXX>: 1 register on signal <contXX>.
The following registers are absorbed into counter <contSegundos>: 1 register on signal <contSegundos>.
Unit <circ> synthesized (advanced).

Synthesizing (advanced) Unit <disp_int>.
INFO:Xst:3231 - The small RAM <Mram_saida> will be implemented on LUTs in order to maximize performance and save block RAM resources. If you want to force its implementation on block, use option/constraint ram_style.
    -----------------------------------------------------------------------
    | ram_type           | Distributed                         |          |
    -----------------------------------------------------------------------
    | Port A                                                              |
    |     aspect ratio   | 16-word x 7-bit                     |          |
    |     weA            | connected to signal <GND>           | high     |
    |     addrA          | connected to signal <numero>        |          |
    |     diA            | connected to signal <GND>           |          |
    |     doA            | connected to signal <saida>         |          |
    -----------------------------------------------------------------------
Unit <disp_int> synthesized (advanced).

=========================================================================
Advanced HDL Synthesis Report

Macro Statistics
# RAMs                                                 : 1
 16x7-bit single-port distributed Read Only RAM        : 1
# Adders/Subtractors                                   : 2
 20-bit adder                                          : 1
 4-bit subtractor                                      : 1
# Counters                                             : 3
 20-bit up counter                                     : 1
 27-bit up counter                                     : 1
 5-bit up counter                                      : 1
# Registers                                            : 13
 Flip-Flops                                            : 13
# Comparators                                          : 5
 20-bit comparator greater                             : 2
 27-bit comparator greater                             : 1
 5-bit comparator greater                              : 1
 5-bit comparator lessequal                            : 1
# Multiplexers                                         : 3
 20-bit 2-to-1 multiplexer                             : 1
 4-bit 2-to-1 multiplexer                              : 2

=========================================================================

=========================================================================
*                         Low Level Synthesis                           *
=========================================================================
WARNING:Xst:1710 - FF/Latch <sel_2> (without init value) has a constant value of 1 in block <circ>. This FF/Latch will be trimmed during the optimization process.
WARNING:Xst:1895 - Due to other FF/Latch trimming, FF/Latch <sel_3> (without init value) has a constant value of 1 in block <circ>. This FF/Latch will be trimmed during the optimization process.

Optimizing unit <circ> ...

Mapping all equations...
Building and optimizing final netlist ...
Found area constraint ratio of 100 (+ 5) on block circ, actual ratio is 1.

Final Macro Processing ...

=========================================================================
Final Register Report

Macro Statistics
# Registers                                            : 63
 Flip-Flops                                            : 63

=========================================================================

=========================================================================
*                           Partition Report                            *
=========================================================================

Partition Implementation Status
-------------------------------

  No Partitions were found in this design.

-------------------------------

=========================================================================
*                            Design Summary                             *
=========================================================================

Top Level Output File Name         : circ.ngc

Primitive and Black Box Usage:
------------------------------
# BELS                             : 281
#      GND                         : 1
#      INV                         : 2
#      LUT1                        : 45
#      LUT2                        : 11
#      LUT3                        : 3
#      LUT4                        : 43
#      LUT5                        : 8
#      LUT6                        : 35
#      MUXCY                       : 64
#      MUXF7                       : 6
#      VCC                         : 1
#      XORCY                       : 62
# FlipFlops/Latches                : 63
#      FD                          : 62
#      FDRE                        : 1
# Clock Buffers                    : 1
#      BUFGP                       : 1
# IO Buffers                       : 11
#      OBUF                        : 11

Device utilization summary:
---------------------------

Selected Device : 6slx16csg324-3 


Slice Logic Utilization: 
 Number of Slice Registers:              63  out of  18224     0%  
 Number of Slice LUTs:                  147  out of   9112     1%  
    Number used as Logic:               147  out of   9112     1%  

Slice Logic Distribution: 
 Number of LUT Flip Flop pairs used:    148
   Number with an unused Flip Flop:      85  out of    148    57%  
   Number with an unused LUT:             1  out of    148     0%  
   Number of fully used LUT-FF pairs:    62  out of    148    41%  
   Number of unique control sets:         2

IO Utilization: 
 Number of IOs:                          12
 Number of bonded IOBs:                  12  out of    232     5%  

Specific Feature Utilization:
 Number of BUFG/BUFGCTRLs:                1  out of     16     6%  

---------------------------
Partition Resource Summary:
---------------------------

  No Partitions were found in this design.

---------------------------


=========================================================================
Timing Report

NOTE: THESE TIMING NUMBERS ARE ONLY A SYNTHESIS ESTIMATE.
      FOR ACCURATE TIMING INFORMATION PLEASE REFER TO THE TRACE REPORT
      GENERATED AFTER PLACE-and-ROUTE.

Clock Information:
------------------
-----------------------------------+------------------------+-------+
Clock Signal                       | Clock buffer(FF name)  | Load  |
-----------------------------------+------------------------+-------+
clk                                | BUFGP                  | 63    |
-----------------------------------+------------------------+-------+

Asynchronous Control Signals Information:
----------------------------------------
No asynchronous control signals found in this design

Timing Summary:
---------------
Speed Grade: -3

   Minimum period: 4.895ns (Maximum Frequency: 204.301MHz)
   Minimum input arrival time before clock: No path found
   Maximum output required time after clock: 4.821ns
   Maximum combinational path delay: No path found

Timing Details:
---------------
All values displayed in nanoseconds (ns)

=========================================================================
Timing constraint: Default period analysis for Clock 'clk'
  Clock period: 4.895ns (frequency: 204.301MHz)
  Total number of paths / destination ports: 6095 / 65
-------------------------------------------------------------------------
Delay:               4.895ns (Levels of Logic = 4)
  Source:            cont_18 (FF)
  Destination:       numero_0 (FF)
  Source Clock:      clk rising
  Destination Clock: clk rising

  Data Path: cont_18 to numero_0
                                Gate     Net
    Cell:in->out      fanout   Delay   Delay  Logical Name (Net Name)
    ----------------------------------------  ------------
     FD:C->Q               4   0.447   0.931  cont_18 (cont_18)
     LUT4:I0->O           15   0.203   1.086  cont[19]_PWR_3_o_LessThan_1_o_inv_inv21 (cont[19]_PWR_3_o_LessThan_1_o_inv_inv2)
     LUT6:I4->O           13   0.203   0.933  cont[19]_PWR_3_o_LessThan_1_o_inv_inv23 (cont[19]_PWR_3_o_LessThan_1_o_inv_inv)
     LUT4:I3->O            1   0.205   0.580  GND_3_o_GND_3_o_LessThan_4_o24_SW3 (N14)
     LUT6:I5->O            1   0.205   0.000  Mmux_uni[3]_dez[3]_mux_5_OUT11 (uni[3]_dez[3]_mux_5_OUT<0>)
     FD:D                      0.102          numero_0
    ----------------------------------------
    Total                      4.895ns (1.365ns logic, 3.530ns route)
                                       (27.9% logic, 72.1% route)

=========================================================================
Timing constraint: Default OFFSET OUT AFTER for Clock 'clk'
  Total number of paths / destination ports: 30 / 9
-------------------------------------------------------------------------
Offset:              4.821ns (Levels of Logic = 2)
  Source:            numero_0 (FF)
  Destination:       d<6> (PAD)
  Source Clock:      clk rising

  Data Path: numero_0 to d<6>
                                Gate     Net
    Cell:in->out      fanout   Delay   Delay  Logical Name (Net Name)
    ----------------------------------------  ------------
     FD:C->Q               7   0.447   1.021  numero_0 (numero_0)
     LUT4:I0->O            1   0.203   0.579  u1/Mram_saida21 (d_2_OBUF)
     OBUF:I->O                 2.571          d_2_OBUF (d<2>)
    ----------------------------------------
    Total                      4.821ns (3.221ns logic, 1.600ns route)
                                       (66.8% logic, 33.2% route)

=========================================================================

Cross Clock Domains Report:
--------------------------

Clock to Setup on destination clock clk
---------------+---------+---------+---------+---------+
               | Src:Rise| Src:Fall| Src:Rise| Src:Fall|
Source Clock   |Dest:Rise|Dest:Rise|Dest:Fall|Dest:Fall|
---------------+---------+---------+---------+---------+
clk            |    4.895|         |         |         |
---------------+---------+---------+---------+---------+

=========================================================================


Total REAL time to Xst completion: 5.00 secs
Total CPU time to Xst completion: 4.69 secs
 
--> 

Total memory usage is 4486312 kilobytes

Number of errors   :    0 (   0 filtered)
Number of warnings :    5 (   0 filtered)
Number of infos    :    1 (   0 filtered)

