ISim log file
Running: C:\VHDL\Buza\proj6\circ6_isim_beh.exe -intstyle ise -gui -tclbatch isim.cmd -wdb C:/VHDL/Buza/proj6/circ6_isim_beh.wdb 
ISim P.20131013 (signature 0x7708f090)
This is a Full version of ISim.
Time resolution is 1 ps
# onerror resume
# wave add /
# run 1000 ns
Simulator is doing circuit initialization process.
Finished circuit initialization process.
# restart
# isim force add /circ6/a 1 -radix unsigned
# isim force add /circ6/a 1 -radix unsigned
# isim force add /circ6/x 0 -radix bin
# isim force add /circ6/x 0 -radix bin
# isim force add /circ6/a 14 -radix dec
# isim force add /circ6/a 14 -radix dec
# run 1.00us
Simulator is doing circuit initialization process.
Finished circuit initialization process.
# isim force add /circ6/a 8 -radix unsigned
# isim force add /circ6/a 8 -radix unsigned
# run 1.00us
# restart
# isim force add /circ6/a 8 -radix unsigned
# isim force add /circ6/a 8 -radix unsigned
# run 1.00us
Simulator is doing circuit initialization process.
Finished circuit initialization process.
# run 1.00us
# run 1.00us
# isim force add /circ6/a 2 -radix dec
# isim force add /circ6/a 2 -radix dec
# run 1.00us
# isim force add /circ6/a 2 -radix dec
# isim force add /circ6/a 2 -radix dec
# run 1.00us
# run 1.00us
# run 1.00us
# run all
# run all
# restart
# isim force add /circ6/a 2 -radix unsigned
# isim force add /circ6/a 2 -radix unsigned
# isim force add /circ6/a 2 -radix unsigned
# run 1.00us
Simulator is doing circuit initialization process.
Finished circuit initialization process.
# isim force add /circ6/a 5 -radix unsigned
# isim force add /circ6/a 5 -radix unsigned
# run 1.00us
# run 1.00us
