--------------------------------------------------------------------------------
Release 14.7 Trace  (nt64)
Copyright (c) 1995-2013 Xilinx, Inc.  All rights reserved.

C:\Xilinx\14.7\ISE_DS\ISE\bin\nt64\unwrapped\trce.exe -intstyle ise -v 3 -s 3
-n 3 -fastpaths -xml circ.twx circ.ncd -o circ.twr circ.pcf -ucf pinos.ucf

Design file:              circ.ncd
Physical constraint file: circ.pcf
Device,package,speed:     xc6slx16,csg324,C,-3 (PRODUCTION 1.23 2013-10-13)
Report level:             verbose report

Environment Variable      Effect 
--------------------      ------ 
NONE                      No environment variables were set
--------------------------------------------------------------------------------

INFO:Timing:2698 - No timing constraints found, doing default enumeration.
INFO:Timing:3412 - To improve timing, see the Timing Closure User Guide (UG612).
INFO:Timing:2752 - To get complete path coverage, use the unconstrained paths 
   option. All paths that are not constrained will be reported in the 
   unconstrained paths section(s) of the report.
INFO:Timing:3339 - The clock-to-out numbers in this timing report are based on 
   a 50 Ohm transmission line loading model.  For the details of this model, 
   and for more information on accounting for different loading conditions, 
   please see the device datasheet.



Data Sheet report:
-----------------
All values displayed in nanoseconds (ns)

Setup/Hold to clock clk
------------+------------+------------+------------+------------+------------------+--------+
            |Max Setup to|  Process   |Max Hold to |  Process   |                  | Clock  |
Source      | clk (edge) |   Corner   | clk (edge) |   Corner   |Internal Clock(s) | Phase  |
------------+------------+------------+------------+------------+------------------+--------+
bDown       |    4.854(R)|      SLOW  |   -0.490(R)|      SLOW  |clk_BUFGP         |   0.000|
bUp         |    5.546(R)|      SLOW  |   -0.624(R)|      SLOW  |clk_BUFGP         |   0.000|
------------+------------+------------+------------+------------+------------------+--------+

Clock clk to Pad
------------+-----------------+------------+-----------------+------------+------------------+--------+
            |Max (slowest) clk|  Process   |Min (fastest) clk|  Process   |                  | Clock  |
Destination |  (edge) to PAD  |   Corner   |  (edge) to PAD  |   Corner   |Internal Clock(s) | Phase  |
------------+-----------------+------------+-----------------+------------+------------------+--------+
d<0>        |         9.582(R)|      SLOW  |         4.975(R)|      FAST  |clk_BUFGP         |   0.000|
d<1>        |         9.227(R)|      SLOW  |         4.688(R)|      FAST  |clk_BUFGP         |   0.000|
d<2>        |         9.435(R)|      SLOW  |         4.894(R)|      FAST  |clk_BUFGP         |   0.000|
d<3>        |         9.697(R)|      SLOW  |         4.910(R)|      FAST  |clk_BUFGP         |   0.000|
d<4>        |         9.254(R)|      SLOW  |         4.722(R)|      FAST  |clk_BUFGP         |   0.000|
d<5>        |         9.001(R)|      SLOW  |         4.582(R)|      FAST  |clk_BUFGP         |   0.000|
d<6>        |         9.382(R)|      SLOW  |         4.712(R)|      FAST  |clk_BUFGP         |   0.000|
sel<0>      |         8.048(R)|      SLOW  |         4.269(R)|      FAST  |clk_BUFGP         |   0.000|
sel<1>      |         8.563(R)|      SLOW  |         4.513(R)|      FAST  |clk_BUFGP         |   0.000|
------------+-----------------+------------+-----------------+------------+------------------+--------+

Clock to Setup on destination clock clk
---------------+---------+---------+---------+---------+
               | Src:Rise| Src:Fall| Src:Rise| Src:Fall|
Source Clock   |Dest:Rise|Dest:Rise|Dest:Fall|Dest:Fall|
---------------+---------+---------+---------+---------+
clk            |    5.270|         |         |         |
---------------+---------+---------+---------+---------+


Analysis completed Tue Nov 01 10:07:13 2022 
--------------------------------------------------------------------------------

Trace Settings:
-------------------------
Trace Settings 

Peak Memory Usage: 4574 MB



