ISim log file
Running: C:\VHDL\Buza\Proj1\ex1_isim_beh.exe -intstyle ise -gui -tclbatch isim.cmd -wdb C:/VHDL/Buza/Proj1/ex1_isim_beh.wdb 
ISim P.20131013 (signature 0x7708f090)
This is a Full version of ISim.
Time resolution is 1 ps
# onerror resume
# wave add /
# run 1000 ns
Simulator is doing circuit initialization process.
Finished circuit initialization process.
# restart
# isim force add /ex1/a 0 -radix bin
# isim force add /ex1/a 0 -radix bin
# isim force add /ex1/a 0 -radix bin
# isim force add /ex1/a 0 -radix bin
# isim force add /ex1/b 0 -radix bin
# isim force add /ex1/b 0 -radix bin
# isim force add /ex1/c 1 -radix bin
# isim force add /ex1/c 1 -radix bin
# run all
Simulator is doing circuit initialization process.
Finished circuit initialization process.
# run 1.00us
# isim force add /ex1/a 1 -radix bin
# isim force add /ex1/a 1 -radix bin
# run 1.00us
# run 1.00us
# isim force add /ex1/c 0 -radix bin
# isim force add /ex1/c 0 -radix bin
# restart
# isim force add /ex1/c 1 -radix bin
# isim force add /ex1/c 1 -radix bin
# isim force add /ex1/a 0 -radix bin -value 1 -radix bin -time 500 ns -repeat 1 us
# isim force add /ex1/a 0 -radix bin -value 1 -radix bin -time 500 ns -repeat 1 us
# isim force add /ex1/b 0 -radix bin -value 1 -radix bin -time 1 us -repeat 2 us
# isim force add /ex1/b 0 -radix bin -value 1 -radix bin -time 1 us -repeat 2 us
# isim force add /ex1/c 0 -radix bin -value 1 -radix bin -time 2 us -repeat 4 us
# isim force add /ex1/c 0 -radix bin -value 1 -radix bin -time 2 us -repeat 4 us
# run 1.00us
Simulator is doing circuit initialization process.
Finished circuit initialization process.
# run 1.00us
# run 1.00us
# run 1.00us
# run 1.00us
# run 1.00us
# run 1.00us
# run 1.00us
# run 1.00us
